<?xml version="1.0" encoding="UTF-8"?>
<!-- Generated by org.testng.reporters.JUnitReportReporter -->
<testsuite hostname="LAPTOP-LT1NJACF" failures="0" tests="1" name="test.searchtest" time="0.315" errors="0" timestamp="2023-07-05T11:36:02 IST" skipped="0">
  <testcase classname="test.searchtest" name="seachtest" time="0.315"/>
  <system-out/>
</testsuite> <!-- test.searchtest -->
