<?xml version="1.0" encoding="UTF-8"?>
<!-- Generated by org.testng.reporters.JUnitReportReporter -->
<testsuite hostname="LAPTOP-LT1NJACF" failures="0" tests="1" name="test.Ourmenutest" time="0.853" errors="0" timestamp="2023-07-05T11:35:19 IST" skipped="0">
  <testcase classname="test.Ourmenutest" name="seealltest" time="0.853"/>
  <system-out/>
</testsuite> <!-- test.Ourmenutest -->
