<?xml version="1.0" encoding="UTF-8"?>
<!-- Generated by org.testng.reporters.JUnitReportReporter -->
<testsuite hostname="LAPTOP-LT1NJACF" failures="0" tests="1" name="test.Logindatadriventest" time="0.825" errors="0" timestamp="2023-07-05T11:30:01 IST" skipped="0">
  <testcase classname="test.Logindatadriventest" name="bktest" time="0.825"/>
  <system-out/>
</testsuite> <!-- test.Logindatadriventest -->
